<?xml version="1.0" encoding="UTF-8"?>
<testsuite name="EngineTest" tests="1" skipped="0" failures="0" errors="0" timestamp="2022-10-12T12:52:36" hostname="MacBook-Air-Anna.local" time="0.102">
  <properties/>
  <testcase name="solveTask()" classname="EngineTest" time="0.102"/>
  <system-out><![CDATA[668511
972375
906126
Avalibe changes : 6
668511
972375
906126
Avalibe changes : 6
992675
906126
668511
Avalibe changes : 1
894585
288023
431368
Avalibe changes : 6
894585
388023
631368
Avalibe changes : 3
994585
631368
388023
Avalibe changes : 2
490652
720636
602257
Avalibe changes : 6
590652
720636
802257
Avalibe changes : 3
902257
720636
590652
Avalibe changes : 2
262168
48333
911510
Avalibe changes : 6
462168
48333
921510
Avalibe changes : 3
951510
462168
48333
Avalibe changes : 0
102405
954499
787817
Avalibe changes : 6
102405
974499
887817
Avalibe changes : 3
994499
887817
102405
Avalibe changes : 1
118691
516893
628180
Avalibe changes : 6
218691
616893
828180
Avalibe changes : 2
266168
159301
461889
Avalibe changes : 6
366168
359301
461889
Avalibe changes : 3
761889
366168
359301
Avalibe changes : 0
100263
472226
250177
Avalibe changes : 6
100263
572226
450177
Avalibe changes : 3
872226
450177
100263
Avalibe changes : 0
704510
184521
506852
Avalibe changes : 6
804510
184521
606852
Avalibe changes : 4
934510
606852
184521
Avalibe changes : 0
961574
582610
902395
Avalibe changes : 6
971574
782610
922395
Avalibe changes : 1
]]></system-out>
  <system-err><![CDATA[]]></system-err>
</testsuite>
